#
# There is insufficient memory for the Java Runtime Environment to continue.
# Native memory allocation (malloc) failed to allocate 93568 bytes for Chunk::new
# Possible reasons:
#   The system is out of physical RAM or swap space
#   The process is running with CompressedOops enabled, and the Java Heap may be blocking the growth of the native heap
# Possible solutions:
#   Reduce memory load on the system
#   Increase physical memory or swap space
#   Check if swap backing store is full
#   Decrease Java heap size (-Xmx/-Xms)
#   Decrease number of Java threads
#   Decrease Java thread stack sizes (-Xss)
#   Set larger code cache with -XX:ReservedCodeCacheSize=
#   JVM is running with Unscaled Compressed Oops mode in which the Java heap is
#     placed in the first 4GB address space. The Java Heap base address is the
#     maximum limit for the native heap growth. Please use -XX:HeapBaseMinAddress
#     to set the Java Heap base and to place the Java Heap above 4GB virtual address.
# This output file may be truncated or incomplete.
#
#  Out of Memory Error (arena.cpp:189), pid=1796, tid=5360
#
# JRE version:  (17.0.4+8) (build )
# Java VM: OpenJDK 64-Bit Server VM (17.0.4+8, mixed mode, tiered, compressed oops, compressed class ptrs, serial gc, windows-amd64)
# No core dump will be written. Minidumps are not enabled by default on client versions of Windows
#

---------------  S U M M A R Y ------------

Command Line: -Dfile.encoding=UTF-8 -XX:+ShowCodeDetailsInExceptionMessages com.Hello.HelloApplication

Host: Intel(R) Xeon(R) CPU E5-2673 v4 @ 2.30GHz, 1 cores, 3G,  Windows 10 , 64 bit Build 19041 (10.0.19041.1889)
Time: Mon Aug 29 04:20:07 2022 Coordinated Universal Time elapsed time: 0.121582 seconds (0d 0h 0m 0s)

---------------  T H R E A D  ---------------

Current thread (0x0000029110e41380):  JavaThread "main" [_thread_in_vm, id=5360, stack(0x000000e1eb200000,0x000000e1eb300000)]

Stack: [0x000000e1eb200000,0x000000e1eb300000]
Native frames: (J=compiled Java code, j=interpreted, Vv=VM code, C=native code)
V  [jvm.dll+0x67733a]
V  [jvm.dll+0x8323c4]
V  [jvm.dll+0x833b6e]
V  [jvm.dll+0x8341d3]
V  [jvm.dll+0x2455e5]
V  [jvm.dll+0xabd7b]
V  [jvm.dll+0xac30c]
V  [jvm.dll+0x1f238a]
V  [jvm.dll+0x1f0fd2]
V  [jvm.dll+0x7ac5bb]
V  [jvm.dll+0x7ad962]
V  [jvm.dll+0x7adc98]
V  [jvm.dll+0x23d9ee]
V  [jvm.dll+0x23dc3f]
V  [jvm.dll+0x559f68]
V  [jvm.dll+0x55ce17]
V  [jvm.dll+0x3832e7]
V  [jvm.dll+0x38293f]
C  0x0000029114519dcc

Java frames: (J=compiled Java code, j=interpreted, Vv=VM code)
j  java.nio.Buffer.<clinit>()V+22 java.base
v  ~StubRoutines::call_stub
j  sun.nio.cs.StreamEncoder.<init>(Ljava/io/OutputStream;Ljava/lang/Object;Ljava/nio/charset/CharsetEncoder;)V+42 java.base
j  sun.nio.cs.StreamEncoder.<init>(Ljava/io/OutputStream;Ljava/lang/Object;Ljava/nio/charset/Charset;)V+19 java.base
j  sun.nio.cs.StreamEncoder.forOutputStreamWriter(Ljava/io/OutputStream;Ljava/lang/Object;Ljava/nio/charset/Charset;)Lsun/nio/cs/StreamEncoder;+7 java.base
j  java.io.OutputStreamWriter.<init>(Ljava/io/OutputStream;)V+11 java.base
j  java.io.PrintStream.<init>(ZLjava/io/OutputStream;)V+26 java.base
j  java.io.PrintStream.<init>(Ljava/io/OutputStream;Z)V+11 java.base
j  java.lang.System.newPrintStream(Ljava/io/FileOutputStream;Ljava/lang/String;)Ljava/io/PrintStream;+42 java.base
j  java.lang.System.initPhase1()V+92 java.base
v  ~StubRoutines::call_stub

---------------  P R O C E S S  ---------------

Threads class SMR info:
_java_thread_list=0x0000029110bc6500, length=3, elements={
0x0000029110e41380, 0x0000029110bcb810, 0x0000029110bcd320
}

Java Threads: ( => current thread )
=>0x0000029110e41380 JavaThread "main" [_thread_in_vm, id=5360, stack(0x000000e1eb200000,0x000000e1eb300000)]
  0x0000029110bcb810 JavaThread "Reference Handler" daemon [_thread_blocked, id=7016, stack(0x000000e1eb400000,0x000000e1eb500000)]
  0x0000029110bcd320 JavaThread "Finalizer" daemon [_thread_blocked, id=1176, stack(0x000000e1eb500000,0x000000e1eb600000)]

Other Threads:
  0x0000029110b8e760 VMThread "VM Thread" [stack: 0x000000e1eb300000,0x000000e1eb400000] [id=6440]

Threads with active compile tasks:

VM state: not at safepoint (normal execution)

VM Mutex/Monitor currently owned by a thread: None

Heap address: 0x00000000c8000000, size: 896 MB, Compressed Oops mode: 32-bit

CDS archive(s) not mapped
Compressed class space mapped at: 0x0000000100000000-0x0000000140000000, reserved size: 1073741824
Narrow klass base: 0x0000000000000000, Narrow klass shift: 3, Narrow klass range: 0x140000000

GC Precious Log:
 CPUs: 1 total, 1 available
 Memory: 3582M
 Large Page Support: Disabled
 NUMA Support: Disabled
 Compressed Oops: Enabled (32-bit)
 Heap Min Capacity: 8M
 Heap Initial Capacity: 56M
 Heap Max Capacity: 896M
 Pre-touch: Disabled

Heap:
 def new generation   total 17216K, used 614K [0x00000000c8000000, 0x00000000c92a0000, 0x00000000daaa0000)
  eden space 15360K,   4% used [0x00000000c8000000, 0x00000000c8099ac8, 0x00000000c8f00000)
  from space 1856K,   0% used [0x00000000c8f00000, 0x00000000c8f00000, 0x00000000c90d0000)
  to   space 1856K,   0% used [0x00000000c90d0000, 0x00000000c90d0000, 0x00000000c92a0000)
 tenured generation   total 38272K, used 0K [0x00000000daaa0000, 0x00000000dd000000, 0x0000000100000000)
   the space 38272K,   0% used [0x00000000daaa0000, 0x00000000daaa0000, 0x00000000daaa0200, 0x00000000dd000000)
 Metaspace       used 2272K, committed 2304K, reserved 1056768K
  class space    used 173K, committed 192K, reserved 1048576K

Card table byte_map: [0x0000029110800000,0x00000291109d0000] _byte_map_base: 0x00000291101c0000

Polling page: 0x000002910ee40000

Metaspace:

Usage:
  Non-class:      2.05 MB used.
      Class:    173.89 KB used.
       Both:      2.22 MB used.

Virtual space:
  Non-class space:        8.00 MB reserved,       2.06 MB ( 26%) committed,  1 nodes.
      Class space:        1.00 GB reserved,     192.00 KB ( <1%) committed,  1 nodes.
             Both:        1.01 GB reserved,       2.25 MB ( <1%) committed. 

Chunk freelists:
   Non-Class:  0 bytes
       Class:  3.75 MB
        Both:  3.75 MB

MaxMetaspaceSize: unlimited
CompressedClassSpaceSize: 1.00 GB
Initial GC threshold: 21.00 MB
Current GC threshold: 17179869184.00 GB
CDS: off
MetaspaceReclaimPolicy: balanced
 - commit_granule_bytes: 65536.
 - commit_granule_words: 8192.
 - virtual_space_node_default_size: 1048576.
 - enlarge_chunks_in_place: 1.
 - new_chunks_are_fully_committed: 0.
 - uncommit_free_chunks: 1.
 - use_allocation_guard: 0.
 - handle_deallocations: 1.


Internal statistics:

num_allocs_failed_limit: 0.
num_arena_births: 2.
num_arena_deaths: 0.
num_vsnodes_births: 2.
num_vsnodes_deaths: 0.
num_space_committed: 36.
num_space_uncommitted: 0.
num_chunks_returned_to_freelist: 0.
num_chunks_taken_from_freelist: 3.
num_chunk_merges: 0.
num_chunk_splits: 1.
num_chunks_enlarged: 0.
num_purges: 0.
num_inconsistent_stats: 0.

CodeHeap 'non-profiled nmethods': size=120064Kb used=0Kb max_used=0Kb free=120064Kb
 bounds [0x000002911bfc0000, 0x000002911c230000, 0x0000029123500000]
CodeHeap 'profiled nmethods': size=120000Kb used=0Kb max_used=0Kb free=120000Kb
 bounds [0x0000029114a90000, 0x0000029114d00000, 0x000002911bfc0000]
CodeHeap 'non-nmethods': size=5696Kb used=377Kb max_used=377Kb free=5319Kb
 bounds [0x0000029114500000, 0x0000029114770000, 0x0000029114a90000]
 total_blobs=172 nmethods=0 adapters=145
 compilation: enabled
              stopped_count=0, restarted_count=0
 full_count=0

Compilation events (0 events):
No events

GC Heap History (0 events):
No events

Deoptimization events (0 events):
No events

Classes unloaded (0 events):
No events

Classes redefined (0 events):
No events

Internal exceptions (0 events):
No events

VM Operations (0 events):
No events

Events (20 events):
Event: 0.118 loading class java/util/concurrent/atomic/AtomicInteger done
Event: 0.118 loading class sun/security/action/GetPropertyAction
Event: 0.118 loading class sun/security/action/GetPropertyAction done
Event: 0.118 loading class sun/nio/cs/UTF_8
Event: 0.118 loading class sun/nio/cs/Unicode
Event: 0.118 loading class sun/nio/cs/HistoricallyNamedCharset
Event: 0.118 loading class sun/nio/cs/HistoricallyNamedCharset done
Event: 0.118 loading class sun/nio/cs/Unicode done
Event: 0.118 loading class sun/nio/cs/UTF_8 done
Event: 0.118 loading class sun/nio/cs/StreamEncoder
Event: 0.118 loading class sun/nio/cs/StreamEncoder done
Event: 0.118 loading class sun/nio/cs/UTF_8$Encoder
Event: 0.118 loading class java/nio/charset/CharsetEncoder
Event: 0.119 loading class java/nio/charset/CharsetEncoder done
Event: 0.119 loading class sun/nio/cs/UTF_8$Encoder done
Event: 0.119 loading class java/nio/charset/CodingErrorAction
Event: 0.119 loading class java/nio/charset/CodingErrorAction done
Event: 0.119 loading class java/nio/ByteBuffer
Event: 0.119 loading class java/nio/ByteBuffer done
Event: 0.119 loading class jdk/internal/misc/ScopedMemoryAccess


Dynamic libraries:
0x00007ff715270000 - 0x00007ff71527e000 	C:\Program Files\sts-4.15.3.RELEASE\plugins\org.eclipse.justj.openjdk.hotspot.jre.full.win32.x86_64_17.0.4.v20220805-1047\jre\bin\javaw.exe
0x00007ffddb2f0000 - 0x00007ffddb4e8000 	C:\Windows\SYSTEM32\ntdll.dll
0x00007ffdda210000 - 0x00007ffdda2cd000 	C:\Windows\System32\KERNEL32.DLL
0x00007ffdd8c70000 - 0x00007ffdd8f3e000 	C:\Windows\System32\KERNELBASE.dll
0x00007ffdd63a0000 - 0x00007ffdd6430000 	C:\Windows\SYSTEM32\apphelp.dll
0x00007ffdd9200000 - 0x00007ffdd9300000 	C:\Windows\System32\ucrtbase.dll
0x00007ffdcee90000 - 0x00007ffdceea8000 	C:\Program Files\sts-4.15.3.RELEASE\plugins\org.eclipse.justj.openjdk.hotspot.jre.full.win32.x86_64_17.0.4.v20220805-1047\jre\bin\jli.dll
0x00007ffddaf50000 - 0x00007ffddb0f0000 	C:\Windows\System32\USER32.dll
0x00007ffdd8a10000 - 0x00007ffdd8a32000 	C:\Windows\System32\win32u.dll
0x00007ffdda4c0000 - 0x00007ffdda4ea000 	C:\Windows\System32\GDI32.dll
0x00007ffdd9040000 - 0x00007ffdd914b000 	C:\Windows\System32\gdi32full.dll
0x00007ffdd8ba0000 - 0x00007ffdd8c3d000 	C:\Windows\System32\msvcp_win.dll
0x00007ffdbc7e0000 - 0x00007ffdbc7f9000 	C:\Program Files\sts-4.15.3.RELEASE\plugins\org.eclipse.justj.openjdk.hotspot.jre.full.win32.x86_64_17.0.4.v20220805-1047\jre\bin\VCRUNTIME140.dll
0x00007ffdbbd40000 - 0x00007ffdbbfda000 	C:\Windows\WinSxS\amd64_microsoft.windows.common-controls_6595b64144ccf1df_6.0.19041.1110_none_60b5254171f9507e\COMCTL32.dll
0x00007ffdd9350000 - 0x00007ffdd93ee000 	C:\Windows\System32\msvcrt.dll
0x00007ffddb0f0000 - 0x00007ffddb120000 	C:\Windows\System32\IMM32.DLL
0x00007ffdcf0c0000 - 0x00007ffdcf0cc000 	C:\Program Files\sts-4.15.3.RELEASE\plugins\org.eclipse.justj.openjdk.hotspot.jre.full.win32.x86_64_17.0.4.v20220805-1047\jre\bin\vcruntime140_1.dll
0x00007ffdba4e0000 - 0x00007ffdba571000 	C:\Program Files\sts-4.15.3.RELEASE\plugins\org.eclipse.justj.openjdk.hotspot.jre.full.win32.x86_64_17.0.4.v20220805-1047\jre\bin\msvcp140.dll
0x00007ffd91460000 - 0x00007ffd920a6000 	C:\Program Files\sts-4.15.3.RELEASE\plugins\org.eclipse.justj.openjdk.hotspot.jre.full.win32.x86_64_17.0.4.v20220805-1047\jre\bin\server\jvm.dll
0x00007ffdda100000 - 0x00007ffdda1ae000 	C:\Windows\System32\ADVAPI32.dll
0x00007ffdda6a0000 - 0x00007ffdda73c000 	C:\Windows\System32\sechost.dll
0x00007ffdd9ed0000 - 0x00007ffdd9ff5000 	C:\Windows\System32\RPCRT4.dll
0x00007ffdda000000 - 0x00007ffdda008000 	C:\Windows\System32\PSAPI.DLL
0x00007ffdc7e20000 - 0x00007ffdc7e29000 	C:\Windows\SYSTEM32\WSOCK32.dll
0x00007ffdda810000 - 0x00007ffdda87b000 	C:\Windows\System32\WS2_32.dll
0x00007ffdb82d0000 - 0x00007ffdb82f7000 	C:\Windows\SYSTEM32\WINMM.dll
0x00007ffdd0950000 - 0x00007ffdd095a000 	C:\Windows\SYSTEM32\VERSION.dll
0x00007ffdd6930000 - 0x00007ffdd6942000 	C:\Windows\SYSTEM32\kernel.appcore.dll
0x00007ffdcf090000 - 0x00007ffdcf09a000 	C:\Program Files\sts-4.15.3.RELEASE\plugins\org.eclipse.justj.openjdk.hotspot.jre.full.win32.x86_64_17.0.4.v20220805-1047\jre\bin\jimage.dll
0x00007ffdcb5e0000 - 0x00007ffdcb7c4000 	C:\Windows\SYSTEM32\DBGHELP.DLL
0x00007ffdcf150000 - 0x00007ffdcf17c000 	C:\Windows\SYSTEM32\dbgcore.DLL
0x00007ffdd8fb0000 - 0x00007ffdd9032000 	C:\Windows\System32\bcryptPrimitives.dll
0x00007ffdb8870000 - 0x00007ffdb8895000 	C:\Program Files\sts-4.15.3.RELEASE\plugins\org.eclipse.justj.openjdk.hotspot.jre.full.win32.x86_64_17.0.4.v20220805-1047\jre\bin\java.dll
0x00007ffdb8610000 - 0x00007ffdb8628000 	C:\Program Files\sts-4.15.3.RELEASE\plugins\org.eclipse.justj.openjdk.hotspot.jre.full.win32.x86_64_17.0.4.v20220805-1047\jre\bin\zip.dll
0x00007ffdd9420000 - 0x00007ffdd9b64000 	C:\Windows\System32\SHELL32.dll
0x00007ffdd6b30000 - 0x00007ffdd72c4000 	C:\Windows\SYSTEM32\windows.storage.dll
0x00007ffdd9b70000 - 0x00007ffdd9ec4000 	C:\Windows\System32\combase.dll
0x00007ffdd83a0000 - 0x00007ffdd83d0000 	C:\Windows\SYSTEM32\Wldp.dll
0x00007ffddb200000 - 0x00007ffddb2ad000 	C:\Windows\System32\SHCORE.dll
0x00007ffdda1b0000 - 0x00007ffdda205000 	C:\Windows\System32\shlwapi.dll
0x00007ffdd8950000 - 0x00007ffdd896f000 	C:\Windows\SYSTEM32\profapi.dll

dbghelp: loaded successfully - version: 4.0.5 - missing functions: none
symbol engine: initialized successfully - sym options: 0x614 - pdb path: .;C:\Program Files\sts-4.15.3.RELEASE\plugins\org.eclipse.justj.openjdk.hotspot.jre.full.win32.x86_64_17.0.4.v20220805-1047\jre\bin;C:\Windows\SYSTEM32;C:\Windows\WinSxS\amd64_microsoft.windows.common-controls_6595b64144ccf1df_6.0.19041.1110_none_60b5254171f9507e;C:\Program Files\sts-4.15.3.RELEASE\plugins\org.eclipse.justj.openjdk.hotspot.jre.full.win32.x86_64_17.0.4.v20220805-1047\jre\bin\server

VM Arguments:
jvm_args: -Dfile.encoding=UTF-8 -XX:+ShowCodeDetailsInExceptionMessages 
java_command: com.Hello.HelloApplication
java_class_path (initial): C:\Users\Aniket\STS-Workspace\Hello\target\classes;C:\Users\Aniket\.m2\repository\org\springframework\boot\spring-boot-starter-web\2.7.3\spring-boot-starter-web-2.7.3.jar;C:\Users\Aniket\.m2\repository\org\springframework\boot\spring-boot-starter\2.7.3\spring-boot-starter-2.7.3.jar;C:\Users\Aniket\.m2\repository\org\springframework\boot\spring-boot\2.7.3\spring-boot-2.7.3.jar;C:\Users\Aniket\.m2\repository\org\springframework\boot\spring-boot-autoconfigure\2.7.3\spring-boot-autoconfigure-2.7.3.jar;C:\Users\Aniket\.m2\repository\org\springframework\boot\spring-boot-starter-logging\2.7.3\spring-boot-starter-logging-2.7.3.jar;C:\Users\Aniket\.m2\repository\ch\qos\logback\logback-classic\1.2.11\logback-classic-1.2.11.jar;C:\Users\Aniket\.m2\repository\ch\qos\logback\logback-core\1.2.11\logback-core-1.2.11.jar;C:\Users\Aniket\.m2\repository\org\apache\logging\log4j\log4j-to-slf4j\2.17.2\log4j-to-slf4j-2.17.2.jar;C:\Users\Aniket\.m2\repository\org\apache\logging\log4j\log4j-api\2.17.2\log4j-api-2.17.2.jar;C:\Users\Aniket\.m2\repository\org\slf4j\jul-to-slf4j\1.7.36\jul-to-slf4j-1.7.36.jar;C:\Users\Aniket\.m2\repository\jakarta\annotation\jakarta.annotation-api\1.3.5\jakarta.annotation-api-1.3.5.jar;C:\Users\Aniket\.m2\repository\org\yaml\snakeyaml\1.30\snakeyaml-1.30.jar;C:\Users\Aniket\.m2\repository\org\springframework\boot\spring-boot-starter-json\2.7.3\spring-boot-starter-json-2.7.3.jar;C:\Users\Aniket\.m2\repository\com\fasterxml\jackson\core\jackson-databind\2.13.3\jackson-databind-2.13.3.jar;C:\Users\Aniket\.m2\repository\com\fasterxml\jackson\core\jackson-annotations\2.13.3\jackson-annotations-2.13.3.jar;C:\Users\Aniket\.m2\repository\com\fasterxml\jackson\core\jackson-core\2.13.3\jackson-core-2.13.3.jar;C:\Users\Aniket\.m2\repository\com\fasterxml\jackson\datatype\jackson-datatype-jdk8\2.13.3\jackson-datatype-jdk8-2.13.3.jar;C:\Users\Aniket\.m2\repository\com\fasterxml\jackson\datatype\jackson-datatype-jsr310\2.13.3\jackson-datatype-j
Launcher Type: SUN_STANDARD

[Global flags]
     intx CICompilerCount                          = 2                                         {product} {ergonomic}
   size_t InitialHeapSize                          = 58720256                                  {product} {ergonomic}
   size_t MaxHeapSize                              = 939524096                                 {product} {ergonomic}
   size_t MaxNewSize                               = 313131008                                 {product} {ergonomic}
   size_t MinHeapDeltaBytes                        = 196608                                    {product} {ergonomic}
   size_t MinHeapSize                              = 8388608                                   {product} {ergonomic}
   size_t NewSize                                  = 19529728                                  {product} {ergonomic}
    uintx NonNMethodCodeHeapSize                   = 5826188                                {pd product} {ergonomic}
    uintx NonProfiledCodeHeapSize                  = 122916026                              {pd product} {ergonomic}
   size_t OldSize                                  = 39190528                                  {product} {ergonomic}
    uintx ProfiledCodeHeapSize                     = 122916026                              {pd product} {ergonomic}
    uintx ReservedCodeCacheSize                    = 251658240                              {pd product} {ergonomic}
     bool SegmentedCodeCache                       = true                                      {product} {ergonomic}
     bool ShowCodeDetailsInExceptionMessages       = true                                   {manageable} {command line}
   size_t SoftMaxHeapSize                          = 939524096                              {manageable} {ergonomic}
     bool UseCompressedClassPointers               = true                           {product lp64_product} {ergonomic}
     bool UseCompressedOops                        = true                           {product lp64_product} {ergonomic}
     bool UseLargePagesIndividualAllocation        = false                                  {pd product} {ergonomic}
     bool UseSerialGC                              = true                                      {product} {ergonomic}

Logging:
Log output configuration:
 #0: stdout all=warning uptime,level,tags
 #1: stderr all=off uptime,level,tags

Environment Variables:
JAVA_HOME=C:\Program Files\Java\jdk-17.0.4
PATH=C:/Program Files/sts-4.15.3.RELEASE//plugins/org.eclipse.justj.openjdk.hotspot.jre.full.win32.x86_64_17.0.4.v20220805-1047/jre/bin/server;C:/Program Files/sts-4.15.3.RELEASE//plugins/org.eclipse.justj.openjdk.hotspot.jre.full.win32.x86_64_17.0.4.v20220805-1047/jre/bin;C:\Program Files\Common Files\Oracle\Java\javapath;C:\Windows\system32;C:\Windows;C:\Windows\System32\Wbem;C:\Windows\System32\WindowsPowerShell\v1.0\;C:\Windows\System32\OpenSSH\;C:\Program Files\Java\jdk-17.0.4\lib;C:\Program Files\Git\cmd;C:\Users\Aniket\AppData\Local\Microsoft\WindowsApps;;C:\Program Files\sts-4.15.3.RELEASE;
USERNAME=Aniket
OS=Windows_NT
PROCESSOR_IDENTIFIER=Intel64 Family 6 Model 79 Stepping 1, GenuineIntel
TMP=C:\Users\Aniket\AppData\Local\Temp
TEMP=C:\Users\Aniket\AppData\Local\Temp



---------------  S Y S T E M  ---------------

OS:
 Windows 10 , 64 bit Build 19041 (10.0.19041.1889)
OS uptime: 0 days 1:24 hours
Hyper-V virtualization detected

CPU: total 1 (initial active 1) (1 cores per cpu, 1 threads per core) family 6 model 79 stepping 1 microcode 0xffffffff, cx8, cmov, fxsr, mmx, 3dnowpref, sse, sse2, sse3, ssse3, sse4.1, sse4.2, popcnt, lzcnt, tsc, avx, avx2, aes, erms, clmul, bmi1, bmi2, rtm, adx, fma, vzeroupper, clflush, hv

Memory: 4k page, system-wide physical 3582M (311M free)
TotalPageFile size 4478M (AvailPageFile size 3M)
current process WorkingSet (physical memory assigned to process): 20M, peak: 20M
current process commit charge ("private bytes"): 71M, peak: 71M

vm_info: OpenJDK 64-Bit Server VM (17.0.4+8) for windows-amd64 JRE (17.0.4+8), built on Jul 19 2022 16:05:16 by "temurin" with MS VC++ 16.7 (VS2019)

END.
